[1mstorybook v9.1.20
[22m
info => Cleaning outputDir: [36m../../../../../private/var/folders/ns/jsf62ktx68l080qswrgq0b2h0000gn/T/chromatic--39658-ynwbc7jodfIE[39m
info => Loading presets
info => Building manager..
info => Building preview..
info Using tsconfig paths for react-docgen
[36mvite v6.4.3 [32mbuilding for production...[36m[39m
transforming...
info => Copying static files: [36mfonts[39m at [36m../../../../../private/var/folders/ns/jsf62ktx68l080qswrgq0b2h0000gn/T/chromatic--39658-ynwbc7jodfIE/fonts[39m
info => Copying static files: [36m.storybook/favicon[39m at [36m../../../../../private/var/folders/ns/jsf62ktx68l080qswrgq0b2h0000gn/T/chromatic--39658-ynwbc7jodfIE/favicon[39m
[32m✓[39m 2288 modules transformed.
rendering chunks...
computing gzip size...
[2m../../../../../private/var/folders/ns/jsf62ktx68l080qswrgq0b2h0000gn/T/chromatic--39658-ynwbc7jodfIE/[22m[32miframe.html                                          [39m[1m[2m   18.11 kB[22m[1m[22m[2m │ gzip:   5.11 kB[22m
[2m../../../../../private/var/folders/ns/jsf62ktx68l080qswrgq0b2h0000gn/T/chromatic--39658-ynwbc7jodfIE/[22m[2massets/[22m[32mLausanne-Regular-CGltz8D-.woff2               [39m[1m[2m   30.12 kB[22m[1m[22m
[2m../../../../../private/var/folders/ns/jsf62ktx68l080qswrgq0b2h0000gn/T/chromatic--39658-ynwbc7jodfIE/[22m[2massets/[22m[32mLausanne-Regular-Cwiqb55B.woff                [39m[1m[2m   40.05 kB[22m[1m[22m
[2m../../../../../private/var/folders/ns/jsf62ktx68l080qswrgq0b2h0000gn/T/chromatic--39658-ynwbc7jodfIE/[22m[2massets/[22m[35miframe-bdautqhc.css                           [39m[1m[2m    0.48 kB[22m[1m[22m[2m │ gzip:   0.31 kB[22m
[2m../../../../../private/var/folders/ns/jsf62ktx68l080qswrgq0b2h0000gn/T/chromatic--39658-ynwbc7jodfIE/[22m[2massets/[22m[36miconSize-CnvMrab2.js                          [39m[1m[2m    0.04 kB[22m[1m[22m[2m │ gzip:   0.06 kB[22m
[2m../../../../../private/var/folders/ns/jsf62ktx68l080qswrgq0b2h0000gn/T/chromatic--39658-ynwbc7jodfIE/[22m[2massets/[22m[36mindex-B7JnXsd3.js                             [39m[1m[2m    0.06 kB[22m[1m[22m[2m │ gzip:   0.08 kB[22m
[2m../../../../../private/var/folders/ns/jsf62ktx68l080qswrgq0b2h0000gn/T/chromatic--39658-ynwbc7jodfIE/[22m[2massets/[22m[36mowner-CQsS7OFZ.js                             [39m[1m[2m    0.08 kB[22m[1m[22m[2m │ gzip:   0.09 kB[22m
[2m../../../../../private/var/folders/ns/jsf62ktx68l080qswrgq0b2h0000gn/T/chromatic--39658-ynwbc7jodfIE/[22m[2massets/[22m[36museOnMount-Bt7D6A8E.js                        [39m[1m[2m    0.10 kB[22m[1m[22m[2m │ gzip:   0.11 kB[22m
[2m../../../../../private/var/folders/ns/jsf62ktx68l080qswrgq0b2h0000gn/T/chromatic--39658-ynwbc7jodfIE/[22m[2massets/[22m[36misElementDisabled-CwHw_lZC.js                 [39m[1m[2m    0.11 kB[22m[1m[22m[2m │ gzip:   0.11 kB[22m
[2m../../../../../private/var/folders/ns/jsf62ktx68l080qswrgq0b2h0000gn/T/chromatic--39658-ynwbc7jodfIE/[22m[2massets/[22m[36mToolbarRootContext-QNpHOHk-.js                [39m[1m[2m    0.13 kB[22m[1m[22m[2m │ gzip:   0.13 kB[22m
[2m../../../../../private/var/folders/ns/jsf62ktx68l080qswrgq0b2h0000gn/T/chromatic--39658-ynwbc7jodfIE/[22m[2massets/[22m[36mvisuallyHidden-CbwUG2x5.js                    [39m[1m[2m    0.16 kB[22m[1m[22m[2m │ gzip:   0.15 kB[22m
[2m../../../../../private/var/folders/ns/jsf62ktx68l080qswrgq0b2h0000gn/T/chromatic--39658-ynwbc7jodfIE/[22m[2massets/[22m[36mradius.stylex-U6kRBCYa.js                     [39m[1m[2m    0.17 kB[22m[1m[22m[2m │ gzip:   0.17 kB[22m
[2m../../../../../private/var/folders/ns/jsf62ktx68l080qswrgq0b2h0000gn/T/chromatic--39658-ynwbc7jodfIE/[22m[2massets/[22m[36museValueChanged-C1CLrrD6.js                   [39m[1m[2m    0.22 kB[22m[1m[22m[2m │ gzip:   0.18 kB[22m
[2m../../../../../private/var/folders/ns/jsf62ktx68l080qswrgq0b2h0000gn/T/chromatic--39658-ynwbc7jodfIE/[22m[2massets/[22m[36museControlled-D1DlWrSs.js                     [39m[1m[2m    0.23 kB[22m[1m[22m[2m │ gzip:   0.20 kB[22m
[2m../../../../../private/var/folders/ns/jsf62ktx68l080qswrgq0b2h0000gn/T/chromatic--39658-ynwbc7jodfIE/[22m[2massets/[22m[36mconstants-CNjsXAL1.js                         [39m[1m[2m    0.29 kB[22m[1m[22m[2m │ gzip:   0.21 kB[22m
[2m../../../../../private/var/folders/ns/jsf62ktx68l080qswrgq0b2h0000gn/T/chromatic--39658-ynwbc7jodfIE/[22m[2massets/[22m[36melevation.stylex-ChYKvk7I.js                  [39m[1m[2m    0.30 kB[22m[1m[22m[2m │ gzip:   0.21 kB[22m
[2m../../../../../private/var/folders/ns/jsf62ktx68l080qswrgq0b2h0000gn/T/chromatic--39658-ynwbc7jodfIE/[22m[2massets/[22m[36mcheck-CwzJ5Y5Y.js                             [39m[1m[2m    0.30 kB[22m[1m[22m[2m │ gzip:   0.25 kB[22m
[2m../../../../../private/var/folders/ns/jsf62ktx68l080qswrgq0b2h0000gn/T/chromatic--39658-ynwbc7jodfIE/[22m[2massets/[22m[36mchevron-down-9ytBkWhr.js                      [39m[1m[2m    0.31 kB[22m[1m[22m[2m │ gzip:   0.25 kB[22m
[2m../../../../../private/var/folders/ns/jsf62ktx68l080qswrgq0b2h0000gn/T/chromatic--39658-ynwbc7jodfIE/[22m[2massets/[22m[36mchevron-right-DaAnLjpn.js                     [39m[1m[2m    0.31 kB[22m[1m[22m[2m │ gzip:   0.25 kB[22m
[2m../../../../../private/var/folders/ns/jsf62ktx68l080qswrgq0b2h0000gn/T/chromatic--39658-ynwbc7jodfIE/[22m[2massets/[22m[36mmotion.stylex-DA_osMZO.js                     [39m[1m[2m    0.33 kB[22m[1m[22m[2m │ gzip:   0.24 kB[22m
[2m../../../../../private/var/folders/ns/jsf62ktx68l080qswrgq0b2h0000gn/T/chromatic--39658-ynwbc7jodfIE/[22m[2massets/[22m[36mplus-DjfQ8B7x.js                              [39m[1m[2m    0.34 kB[22m[1m[22m[2m │ gzip:   0.26 kB[22m
[2m../../../../../private/var/folders/ns/jsf62ktx68l080qswrgq0b2h0000gn/T/chromatic--39658-ynwbc7jodfIE/[22m[2massets/[22m[36marrow-right-BsCL4A9O.js                       [39m[1m[2m    0.35 kB[22m[1m[22m[2m │ gzip:   0.27 kB[22m
[2m../../../../../private/var/folders/ns/jsf62ktx68l080qswrgq0b2h0000gn/T/chromatic--39658-ynwbc7jodfIE/[22m[2massets/[22m[36museBaseUiId-C8dlOgrH.js                       [39m[1m[2m    0.35 kB[22m[1m[22m[2m │ gzip:   0.26 kB[22m
[2m../../../../../private/var/folders/ns/jsf62ktx68l080qswrgq0b2h0000gn/T/chromatic--39658-ynwbc7jodfIE/[22m[2massets/[22m[36msearch-DRRxc3yA.js                            [39m[1m[2m    0.35 kB[22m[1m[22m[2m │ gzip:   0.27 kB[22m
[2m../../../../../private/var/folders/ns/jsf62ktx68l080qswrgq0b2h0000gn/T/chromatic--39658-ynwbc7jodfIE/[22m[2massets/[22m[36mCompositeItem-CQDmnIlx.js                     [39m[1m[2m    0.39 kB[22m[1m[22m[2m │ gzip:   0.27 kB[22m
[2m../../../../../private/var/folders/ns/jsf62ktx68l080qswrgq0b2h0000gn/T/chromatic--39658-ynwbc7jodfIE/[22m[2massets/[22m[36mmail-BsMoXJin.js                              [39m[1m[2m    0.40 kB[22m[1m[22m[2m │ gzip:   0.31 kB[22m
[2m../../../../../private/var/folders/ns/jsf62ktx68l080qswrgq0b2h0000gn/T/chromatic--39658-ynwbc7jodfIE/[22m[2massets/[22m[36mcopy--IvHcpFy.js                              [39m[1m[2m    0.41 kB[22m[1m[22m[2m │ gzip:   0.31 kB[22m
[2m../../../../../private/var/folders/ns/jsf62ktx68l080qswrgq0b2h0000gn/T/chromatic--39658-ynwbc7jodfIE/[22m[2massets/[22m[36mzIndex.stylex-DKNBPp65.js                     [39m[1m[2m    0.43 kB[22m[1m[22m[2m │ gzip:   0.29 kB[22m
[2m../../../../../private/var/folders/ns/jsf62ktx68l080qswrgq0b2h0000gn/T/chromatic--39658-ynwbc7jodfIE/[22m[2massets/[22m[36mButton-CBt88u_N.js                            [39m[1m[2m    0.45 kB[22m[1m[22m[2m │ gzip:   0.31 kB[22m
[2m../../../../../private/var/folders/ns/jsf62ktx68l080qswrgq0b2h0000gn/T/chromatic--39658-ynwbc7jodfIE/[22m[2massets/[22m[36museLabelableId-B2v3bfAj.js                    [39m[1m[2m    0.46 kB[22m[1m[22m[2m │ gzip:   0.33 kB[22m
[2m../../../../../private/var/folders/ns/jsf62ktx68l080qswrgq0b2h0000gn/T/chromatic--39658-ynwbc7jodfIE/[22m[2massets/[22m[36museCompositeItem-D8xdxSjA.js                  [39m[1m[2m    0.59 kB[22m[1m[22m[2m │ gzip:   0.40 kB[22m
[2m../../../../../private/var/folders/ns/jsf62ktx68l080qswrgq0b2h0000gn/T/chromatic--39658-ynwbc7jodfIE/[22m[2massets/[22m[36mfocusRing-C2hGBBqE.js                         [39m[1m[2m    0.64 kB[22m[1m[22m[2m │ gzip:   0.35 kB[22m
[2m../../../../../private/var/folders/ns/jsf62ktx68l080qswrgq0b2h0000gn/T/chromatic--39658-ynwbc7jodfIE/[22m[2massets/[22m[36mcircle-x-XI72PqHz.js                          [39m[1m[2m    0.68 kB[22m[1m[22m[2m │ gzip:   0.32 kB[22m
[2m../../../../../private/var/folders/ns/jsf62ktx68l080qswrgq0b2h0000gn/T/chromatic--39658-ynwbc7jodfIE/[22m[2massets/[22m[36museTimeout-DJIJj5mU.js                        [39m[1m[2m    0.68 kB[22m[1m[22m[2m │ gzip:   0.40 kB[22m
[2m../../../../../private/var/folders/ns/jsf62ktx68l080qswrgq0b2h0000gn/T/chromatic--39658-ynwbc7jodfIE/[22m[2massets/[22m[36mtypography.stylex-CEtRknXT.js                 [39m[1m[2m    0.77 kB[22m[1m[22m[2m │ gzip:   0.47 kB[22m
[2m../../../../../private/var/folders/ns/jsf62ktx68l080qswrgq0b2h0000gn/T/chromatic--39658-ynwbc7jodfIE/[22m[2massets/[22m[36mcreateBaseUIEventDetails-CpLWjX0k.js          [39m[1m[2m    0.77 kB[22m[1m[22m[2m │ gzip:   0.45 kB[22m
[2m../../../../../private/var/folders/ns/jsf62ktx68l080qswrgq0b2h0000gn/T/chromatic--39658-ynwbc7jodfIE/[22m[2massets/[22m[36mtrash-2-TQDAYtgW.js                           [39m[1m[2m    0.86 kB[22m[1m[22m[2m │ gzip:   0.39 kB[22m
[2m../../../../../private/var/folders/ns/jsf62ktx68l080qswrgq0b2h0000gn/T/chromatic--39658-ynwbc7jodfIE/[22m[2massets/[22m[36mresolveValueLabel-CDrqLeqj.js                 [39m[1m[2m    0.97 kB[22m[1m[22m[2m │ gzip:   0.46 kB[22m
[2m../../../../../private/var/folders/ns/jsf62ktx68l080qswrgq0b2h0000gn/T/chromatic--39658-ynwbc7jodfIE/[22m[2massets/[22m[36mdetectBrowser-C_wR4pT1.js                     [39m[1m[2m    1.02 kB[22m[1m[22m[2m │ gzip:   0.49 kB[22m
[2m../../../../../private/var/folders/ns/jsf62ktx68l080qswrgq0b2h0000gn/T/chromatic--39658-ynwbc7jodfIE/[22m[2massets/[22m[36melement-Ber0QV5c.js                           [39m[1m[2m    1.18 kB[22m[1m[22m[2m │ gzip:   0.60 kB[22m
[2m../../../../../private/var/folders/ns/jsf62ktx68l080qswrgq0b2h0000gn/T/chromatic--39658-ynwbc7jodfIE/[22m[2massets/[22m[36mtriangle-alert-OY8d0mj9.js                    [39m[1m[2m    1.21 kB[22m[1m[22m[2m │ gzip:   0.50 kB[22m
[2m../../../../../private/var/folders/ns/jsf62ktx68l080qswrgq0b2h0000gn/T/chromatic--39658-ynwbc7jodfIE/[22m[2massets/[22m[36mspace.stylex-B8eJi5A3.js                      [39m[1m[2m    1.22 kB[22m[1m[22m[2m │ gzip:   0.55 kB[22m
[2m../../../../../private/var/folders/ns/jsf62ktx68l080qswrgq0b2h0000gn/T/chromatic--39658-ynwbc7jodfIE/[22m[2massets/[22m[36mpreload-helper-Dp1pzeXC.js                    [39m[1m[2m    1.27 kB[22m[1m[22m[2m │ gzip:   0.73 kB[22m
[2m../../../../../private/var/folders/ns/jsf62ktx68l080qswrgq0b2h0000gn/T/chromatic--39658-ynwbc7jodfIE/[22m[2massets/[22m[36mFieldDescription-CpZIteDw.js                  [39m[1m[2m    1.52 kB[22m[1m[22m[2m │ gzip:   0.80 kB[22m
[2m../../../../../private/var/folders/ns/jsf62ktx68l080qswrgq0b2h0000gn/T/chromatic--39658-ynwbc7jodfIE/[22m[2massets/[22m[36mrenderPoly-BydAlqzE.js                        [39m[1m[2m    1.64 kB[22m[1m[22m[2m │ gzip:   0.87 kB[22m
[2m../../../../../private/var/folders/ns/jsf62ktx68l080qswrgq0b2h0000gn/T/chromatic--39658-ynwbc7jodfIE/[22m[2massets/[22m[36museButton-BihjIUtN.js                         [39m[1m[2m    1.86 kB[22m[1m[22m[2m │ gzip:   0.92 kB[22m
[2m../../../../../private/var/folders/ns/jsf62ktx68l080qswrgq0b2h0000gn/T/chromatic--39658-ynwbc7jodfIE/[22m[2massets/[22m[36mCodePreview.stories-D6f8ua9H.js               [39m[1m[2m    2.03 kB[22m[1m[22m[2m │ gzip:   0.96 kB[22m
[2m../../../../../private/var/folders/ns/jsf62ktx68l080qswrgq0b2h0000gn/T/chromatic--39658-ynwbc7jodfIE/[22m[2massets/[22m[36mLabelableContext-Y3l0g-g-.js                  [39m[1m[2m    2.34 kB[22m[1m[22m[2m │ gzip:   1.07 kB[22m
[2m../../../../../private/var/folders/ns/jsf62ktx68l080qswrgq0b2h0000gn/T/chromatic--39658-ynwbc7jodfIE/[22m[2massets/[22m[36mcreateLucideIcon-Dm1_dCcj.js                  [39m[1m[2m    2.58 kB[22m[1m[22m[2m │ gzip:   0.89 kB[22m
[2m../../../../../private/var/folders/ns/jsf62ktx68l080qswrgq0b2h0000gn/T/chromatic--39658-ynwbc7jodfIE/[22m[2massets/[22m[36mButton-M_505aV8.js                            [39m[1m[2m    2.80 kB[22m[1m[22m[2m │ gzip:   1.26 kB[22m
[2m../../../../../private/var/folders/ns/jsf62ktx68l080qswrgq0b2h0000gn/T/chromatic--39658-ynwbc7jodfIE/[22m[2massets/[22m[36mSpinner.stories-DqSXtAHp.js                   [39m[1m[2m    2.85 kB[22m[1m[22m[2m │ gzip:   1.05 kB[22m
[2m../../../../../private/var/folders/ns/jsf62ktx68l080qswrgq0b2h0000gn/T/chromatic--39658-ynwbc7jodfIE/[22m[2massets/[22m[36museCompositeListItem-hzHaoEOg.js              [39m[1m[2m    2.92 kB[22m[1m[22m[2m │ gzip:   1.31 kB[22m
[2m../../../../../private/var/folders/ns/jsf62ktx68l080qswrgq0b2h0000gn/T/chromatic--39658-ynwbc7jodfIE/[22m[2massets/[22m[36mcomposite-D6xyiTKX.js                         [39m[1m[2m    3.03 kB[22m[1m[22m[2m │ gzip:   1.15 kB[22m
[2m../../../../../private/var/folders/ns/jsf62ktx68l080qswrgq0b2h0000gn/T/chromatic--39658-ynwbc7jodfIE/[22m[2massets/[22m[36mText-BGEusZ_1.js                              [39m[1m[2m    3.14 kB[22m[1m[22m[2m │ gzip:   1.28 kB[22m
[2m../../../../../private/var/folders/ns/jsf62ktx68l080qswrgq0b2h0000gn/T/chromatic--39658-ynwbc7jodfIE/[22m[2massets/[22m[36mstateAttributesMapping-XICYsSgz.js            [39m[1m[2m    3.20 kB[22m[1m[22m[2m │ gzip:   1.39 kB[22m
[2m../../../../../private/var/folders/ns/jsf62ktx68l080qswrgq0b2h0000gn/T/chromatic--39658-ynwbc7jodfIE/[22m[2massets/[22m[36mchipRecipe-DRwxjgVt.js                        [39m[1m[2m    3.29 kB[22m[1m[22m[2m │ gzip:   1.15 kB[22m
[2m../../../../../private/var/folders/ns/jsf62ktx68l080qswrgq0b2h0000gn/T/chromatic--39658-ynwbc7jodfIE/[22m[2massets/[22m[36mBadge-DOKkLgRu.js                             [39m[1m[2m    3.35 kB[22m[1m[22m[2m │ gzip:   1.49 kB[22m
[2m../../../../../private/var/folders/ns/jsf62ktx68l080qswrgq0b2h0000gn/T/chromatic--39658-ynwbc7jodfIE/[22m[2massets/[22m[36mfield-5mci4ywK.js                             [39m[1m[2m    3.42 kB[22m[1m[22m[2m │ gzip:   1.17 kB[22m
[2m../../../../../private/var/folders/ns/jsf62ktx68l080qswrgq0b2h0000gn/T/chromatic--39658-ynwbc7jodfIE/[22m[2massets/[22m[36mindex-B3pBUxTV.js                             [39m[1m[2m    3.89 kB[22m[1m[22m[2m │ gzip:   1.52 kB[22m
[2m../../../../../private/var/folders/ns/jsf62ktx68l080qswrgq0b2h0000gn/T/chromatic--39658-ynwbc7jodfIE/[22m[2massets/[22m[36mBadge.stories-BfqOblJp.js                     [39m[1m[2m    3.99 kB[22m[1m[22m[2m │ gzip:   1.42 kB[22m
[2m../../../../../private/var/folders/ns/jsf62ktx68l080qswrgq0b2h0000gn/T/chromatic--39658-ynwbc7jodfIE/[22m[2massets/[22m[36mKbd.stories-C0vh7W7V.js                       [39m[1m[2m    4.04 kB[22m[1m[22m[2m │ gzip:   1.36 kB[22m
[2m../../../../../private/var/folders/ns/jsf62ktx68l080qswrgq0b2h0000gn/T/chromatic--39658-ynwbc7jodfIE/[22m[2massets/[22m[36mCompositeRoot-5Uzx8gtn.js                     [39m[1m[2m    4.06 kB[22m[1m[22m[2m │ gzip:   1.89 kB[22m
[2m../../../../../private/var/folders/ns/jsf62ktx68l080qswrgq0b2h0000gn/T/chromatic--39658-ynwbc7jodfIE/[22m[2massets/[22m[36mIconButton-C2YmRp_0.js                        [39m[1m[2m    4.23 kB[22m[1m[22m[2m │ gzip:   1.65 kB[22m
[2m../../../../../private/var/folders/ns/jsf62ktx68l080qswrgq0b2h0000gn/T/chromatic--39658-ynwbc7jodfIE/[22m[2massets/[22m[36mText.stories-C7nZgFot.js                      [39m[1m[2m    4.31 kB[22m[1m[22m[2m │ gzip:   1.34 kB[22m
[2m../../../../../private/var/folders/ns/jsf62ktx68l080qswrgq0b2h0000gn/T/chromatic--39658-ynwbc7jodfIE/[22m[2massets/[22m[36mSpinner-53GvRoM9.js                           [39m[1m[2m    4.63 kB[22m[1m[22m[2m │ gzip:   1.89 kB[22m
[2m../../../../../private/var/folders/ns/jsf62ktx68l080qswrgq0b2h0000gn/T/chromatic--39658-ynwbc7jodfIE/[22m[2massets/[22m[36mCopyButton-C9W57nRx.js                        [39m[1m[2m    4.71 kB[22m[1m[22m[2m │ gzip:   1.79 kB[22m
[2m../../../../../private/var/folders/ns/jsf62ktx68l080qswrgq0b2h0000gn/T/chromatic--39658-ynwbc7jodfIE/[22m[2massets/[22m[36mcomposite-CWFOMuya.js                         [39m[1m[2m    4.79 kB[22m[1m[22m[2m │ gzip:   2.03 kB[22m
[2m../../../../../private/var/folders/ns/jsf62ktx68l080qswrgq0b2h0000gn/T/chromatic--39658-ynwbc7jodfIE/[22m[2massets/[22m[36mKbd-BSo2TKUA.js                               [39m[1m[2m    4.92 kB[22m[1m[22m[2m │ gzip:   2.04 kB[22m
[2m../../../../../private/var/folders/ns/jsf62ktx68l080qswrgq0b2h0000gn/T/chromatic--39658-ynwbc7jodfIE/[22m[2massets/[22m[36museOpenInteractionType-CZviuNAS.js            [39m[1m[2m    5.35 kB[22m[1m[22m[2m │ gzip:   1.98 kB[22m
[2m../../../../../private/var/folders/ns/jsf62ktx68l080qswrgq0b2h0000gn/T/chromatic--39658-ynwbc7jodfIE/[22m[2massets/[22m[36mCopyButton.stories-DbTqThy_.js                [39m[1m[2m    5.41 kB[22m[1m[22m[2m │ gzip:   1.88 kB[22m
[2m../../../../../private/var/folders/ns/jsf62ktx68l080qswrgq0b2h0000gn/T/chromatic--39658-ynwbc7jodfIE/[22m[2massets/[22m[36mText.styles-eXLAitJ2.js                       [39m[1m[2m    5.83 kB[22m[1m[22m[2m │ gzip:   1.49 kB[22m
[2m../../../../../private/var/folders/ns/jsf62ktx68l080qswrgq0b2h0000gn/T/chromatic--39658-ynwbc7jodfIE/[22m[2massets/[22m[36museCollapsiblePanel-DBGjSEIt.js               [39m[1m[2m    5.96 kB[22m[1m[22m[2m │ gzip:   2.21 kB[22m
[2m../../../../../private/var/folders/ns/jsf62ktx68l080qswrgq0b2h0000gn/T/chromatic--39658-ynwbc7jodfIE/[22m[2massets/[22m[36mFieldControl-uJ-wXZZ2.js                      [39m[1m[2m    6.09 kB[22m[1m[22m[2m │ gzip:   2.62 kB[22m
[2m../../../../../private/var/folders/ns/jsf62ktx68l080qswrgq0b2h0000gn/T/chromatic--39658-ynwbc7jodfIE/[22m[2massets/[22m[36mIconButton.stories-DRHQoGkg.js                [39m[1m[2m    6.60 kB[22m[1m[22m[2m │ gzip:   1.79 kB[22m
[2m../../../../../private/var/folders/ns/jsf62ktx68l080qswrgq0b2h0000gn/T/chromatic--39658-ynwbc7jodfIE/[22m[2massets/[22m[36museRenderElement-BA-j-PRl.js                  [39m[1m[2m    6.82 kB[22m[1m[22m[2m │ gzip:   2.87 kB[22m
[2m../../../../../private/var/folders/ns/jsf62ktx68l080qswrgq0b2h0000gn/T/chromatic--39658-ynwbc7jodfIE/[22m[2massets/[22m[36mShimmerText.stories-DDTNEvDc.js               [39m[1m[2m    7.39 kB[22m[1m[22m[2m │ gzip:   2.63 kB[22m
[2m../../../../../private/var/folders/ns/jsf62ktx68l080qswrgq0b2h0000gn/T/chromatic--39658-ynwbc7jodfIE/[22m[2massets/[22m[36mDialogRoot-CbAlX4KN.js                        [39m[1m[2m    7.41 kB[22m[1m[22m[2m │ gzip:   2.92 kB[22m
[2m../../../../../private/var/folders/ns/jsf62ktx68l080qswrgq0b2h0000gn/T/chromatic--39658-ynwbc7jodfIE/[22m[2massets/[22m[36mSeparator.stories-DDjO0I51.js                 [39m[1m[2m    7.44 kB[22m[1m[22m[2m │ gzip:   2.34 kB[22m
[2m../../../../../private/var/folders/ns/jsf62ktx68l080qswrgq0b2h0000gn/T/chromatic--39658-ynwbc7jodfIE/[22m[2massets/[22m[36mStackLogo.stories-B08NNr6X.js                 [39m[1m[2m    7.71 kB[22m[1m[22m[2m │ gzip:   2.84 kB[22m
[2m../../../../../private/var/folders/ns/jsf62ktx68l080qswrgq0b2h0000gn/T/chromatic--39658-ynwbc7jodfIE/[22m[2massets/[22m[36mButton.stories-DSu13bab.js                    [39m[1m[2m    8.27 kB[22m[1m[22m[2m │ gzip:   2.14 kB[22m
[2m../../../../../private/var/folders/ns/jsf62ktx68l080qswrgq0b2h0000gn/T/chromatic--39658-ynwbc7jodfIE/[22m[2massets/[22m[36mbuttonRecipe-DK1-MT1i.js                      [39m[1m[2m    8.38 kB[22m[1m[22m[2m │ gzip:   2.34 kB[22m
[2m../../../../../private/var/folders/ns/jsf62ktx68l080qswrgq0b2h0000gn/T/chromatic--39658-ynwbc7jodfIE/[22m[2massets/[22m[36mcolor.stylex-DJ3K4tbs.js                      [39m[1m[2m    8.41 kB[22m[1m[22m[2m │ gzip:   3.86 kB[22m
[2m../../../../../private/var/folders/ns/jsf62ktx68l080qswrgq0b2h0000gn/T/chromatic--39658-ynwbc7jodfIE/[22m[2massets/[22m[36mUserMessage.stories-90TSwgS-.js               [39m[1m[2m    8.87 kB[22m[1m[22m[2m │ gzip:   3.15 kB[22m
[2m../../../../../private/var/folders/ns/jsf62ktx68l080qswrgq0b2h0000gn/T/chromatic--39658-ynwbc7jodfIE/[22m[2massets/[22m[36mLinkButton.stories-B7CcA7Vd.js                [39m[1m[2m    8.99 kB[22m[1m[22m[2m │ gzip:   3.01 kB[22m
[2m../../../../../private/var/folders/ns/jsf62ktx68l080qswrgq0b2h0000gn/T/chromatic--39658-ynwbc7jodfIE/[22m[2massets/[22m[36mPill.stories-TB9qX990.js                      [39m[1m[2m    9.16 kB[22m[1m[22m[2m │ gzip:   3.17 kB[22m
[2m../../../../../private/var/folders/ns/jsf62ktx68l080qswrgq0b2h0000gn/T/chromatic--39658-ynwbc7jodfIE/[22m[2massets/[22m[36mLogo.stories-CQ6HNvT_.js                      [39m[1m[2m    9.33 kB[22m[1m[22m[2m │ gzip:   3.67 kB[22m
[2m../../../../../private/var/folders/ns/jsf62ktx68l080qswrgq0b2h0000gn/T/chromatic--39658-ynwbc7jodfIE/[22m[2massets/[22m[36mBreadcrumb.stories-CE9tfi25.js                [39m[1m[2m    9.62 kB[22m[1m[22m[2m │ gzip:   3.05 kB[22m
[2m../../../../../private/var/folders/ns/jsf62ktx68l080qswrgq0b2h0000gn/T/chromatic--39658-ynwbc7jodfIE/[22m[2massets/[22m[36mSkeleton.stories-CNEDMu_R.js                  [39m[1m[2m   10.24 kB[22m[1m[22m[2m │ gzip:   3.37 kB[22m
[2m../../../../../private/var/folders/ns/jsf62ktx68l080qswrgq0b2h0000gn/T/chromatic--39658-ynwbc7jodfIE/[22m[2massets/[22m[36mSelect.stories-BsWIY2b4.js                    [39m[1m[2m   10.94 kB[22m[1m[22m[2m │ gzip:   3.82 kB[22m
[2m../../../../../private/var/folders/ns/jsf62ktx68l080qswrgq0b2h0000gn/T/chromatic--39658-ynwbc7jodfIE/[22m[2massets/[22m[36mSearchInput.stories-0-jwlZ-O.js               [39m[1m[2m   11.44 kB[22m[1m[22m[2m │ gzip:   4.08 kB[22m
[2m../../../../../private/var/folders/ns/jsf62ktx68l080qswrgq0b2h0000gn/T/chromatic--39658-ynwbc7jodfIE/[22m[2massets/[22m[36mMultiSelect.stories-C65-Fz5Z.js               [39m[1m[2m   11.53 kB[22m[1m[22m[2m │ gzip:   4.03 kB[22m
[2m../../../../../private/var/folders/ns/jsf62ktx68l080qswrgq0b2h0000gn/T/chromatic--39658-ynwbc7jodfIE/[22m[2massets/[22m[36mShowcase.stories-CfR_5OHN.js                  [39m[1m[2m   11.89 kB[22m[1m[22m[2m │ gzip:   4.35 kB[22m
[2m../../../../../private/var/folders/ns/jsf62ktx68l080qswrgq0b2h0000gn/T/chromatic--39658-ynwbc7jodfIE/[22m[2massets/[22m[36mTable.stories--mumHuYE.js                     [39m[1m[2m   12.38 kB[22m[1m[22m[2m │ gzip:   3.72 kB[22m
[2m../../../../../private/var/folders/ns/jsf62ktx68l080qswrgq0b2h0000gn/T/chromatic--39658-ynwbc7jodfIE/[22m[2massets/[22m[36mBox.stories-CHnaVYsW.js                       [39m[1m[2m   14.29 kB[22m[1m[22m[2m │ gzip:   3.47 kB[22m
[2m../../../../../private/var/folders/ns/jsf62ktx68l080qswrgq0b2h0000gn/T/chromatic--39658-ynwbc7jodfIE/[22m[2massets/[22m[36mSwitch.stories-CVftxIld.js                    [39m[1m[2m   14.55 kB[22m[1m[22m[2m │ gzip:   4.95 kB[22m
[2m../../../../../private/var/folders/ns/jsf62ktx68l080qswrgq0b2h0000gn/T/chromatic--39658-ynwbc7jodfIE/[22m[2massets/[22m[36mInput.stories-B6Jlt3GA.js                     [39m[1m[2m   15.30 kB[22m[1m[22m[2m │ gzip:   4.63 kB[22m
[2m../../../../../private/var/folders/ns/jsf62ktx68l080qswrgq0b2h0000gn/T/chromatic--39658-ynwbc7jodfIE/[22m[2massets/[22m[36mAvatar.stories-DGQ-MdTo.js                    [39m[1m[2m   15.68 kB[22m[1m[22m[2m │ gzip:   4.62 kB[22m
[2m../../../../../private/var/folders/ns/jsf62ktx68l080qswrgq0b2h0000gn/T/chromatic--39658-ynwbc7jodfIE/[22m[2massets/[22m[36mCard.stories-DRxc0ePW.js                      [39m[1m[2m   17.23 kB[22m[1m[22m[2m │ gzip:   4.16 kB[22m
[2m../../../../../private/var/folders/ns/jsf62ktx68l080qswrgq0b2h0000gn/T/chromatic--39658-ynwbc7jodfIE/[22m[2massets/[22m[36mTextarea.stories-7uW2mvmk.js                  [39m[1m[2m   17.26 kB[22m[1m[22m[2m │ gzip:   5.40 kB[22m
[2m../../../../../private/var/folders/ns/jsf62ktx68l080qswrgq0b2h0000gn/T/chromatic--39658-ynwbc7jodfIE/[22m[2massets/[22m[36moverlay-8IB24PdS.js                           [39m[1m[2m   17.53 kB[22m[1m[22m[2m │ gzip:   6.15 kB[22m
[2m../../../../../private/var/folders/ns/jsf62ktx68l080qswrgq0b2h0000gn/T/chromatic--39658-ynwbc7jodfIE/[22m[2massets/[22m[36mCheckbox.stories-DziMadz5.js                  [39m[1m[2m   18.26 kB[22m[1m[22m[2m │ gzip:   6.13 kB[22m
[2m../../../../../private/var/folders/ns/jsf62ktx68l080qswrgq0b2h0000gn/T/chromatic--39658-ynwbc7jodfIE/[22m[2massets/[22m[36mTabs.stories-CQ_B-R7f.js                      [39m[1m[2m   18.75 kB[22m[1m[22m[2m │ gzip:   6.30 kB[22m
[2m../../../../../private/var/folders/ns/jsf62ktx68l080qswrgq0b2h0000gn/T/chromatic--39658-ynwbc7jodfIE/[22m[2massets/[22m[36mFormInput.stories-DYfWoXhP.js                 [39m[1m[2m   19.19 kB[22m[1m[22m[2m │ gzip:   5.64 kB[22m
[2m../../../../../private/var/folders/ns/jsf62ktx68l080qswrgq0b2h0000gn/T/chromatic--39658-ynwbc7jodfIE/[22m[2massets/[22m[36mToggleGroup.stories-BeQsm4BR.js               [39m[1m[2m   19.60 kB[22m[1m[22m[2m │ gzip:   6.25 kB[22m
[2m../../../../../private/var/folders/ns/jsf62ktx68l080qswrgq0b2h0000gn/T/chromatic--39658-ynwbc7jodfIE/[22m[2massets/[22m[36mModal.stories-H1-WinNF.js                     [39m[1m[2m   20.90 kB[22m[1m[22m[2m │ gzip:   6.57 kB[22m
[2m../../../../../private/var/folders/ns/jsf62ktx68l080qswrgq0b2h0000gn/T/chromatic--39658-ynwbc7jodfIE/[22m[2massets/[22m[36mTimeline.stories-C1uaeyxx.js                  [39m[1m[2m   27.29 kB[22m[1m[22m[2m │ gzip:   7.95 kB[22m
[2m../../../../../private/var/folders/ns/jsf62ktx68l080qswrgq0b2h0000gn/T/chromatic--39658-ynwbc7jodfIE/[22m[2massets/[22m[36mgetDisabledMountTransitionStyles-Da7b26SS.js  [39m[1m[2m   28.41 kB[22m[1m[22m[2m │ gzip:  10.97 kB[22m
[2m../../../../../private/var/folders/ns/jsf62ktx68l080qswrgq0b2h0000gn/T/chromatic--39658-ynwbc7jodfIE/[22m[36mvite-inject-mocker-entry.js                          [39m[1m[2m   29.18 kB[22m[1m[22m[2m │ gzip:  10.13 kB[22m
[2m../../../../../private/var/folders/ns/jsf62ktx68l080qswrgq0b2h0000gn/T/chromatic--39658-ynwbc7jodfIE/[22m[2massets/[22m[36minternals-C92SoZ3Q.js                         [39m[1m[2m   34.82 kB[22m[1m[22m[2m │ gzip:  11.50 kB[22m
[2m../../../../../private/var/folders/ns/jsf62ktx68l080qswrgq0b2h0000gn/T/chromatic--39658-ynwbc7jodfIE/[22m[2massets/[22m[36mCommandMenu.stories-_eDsasEK.js               [39m[1m[2m   39.74 kB[22m[1m[22m[2m │ gzip:  13.84 kB[22m
[2m../../../../../private/var/folders/ns/jsf62ktx68l080qswrgq0b2h0000gn/T/chromatic--39658-ynwbc7jodfIE/[22m[2massets/[22m[36museScrollLock-CBFl3WuR.js                     [39m[1m[2m   43.75 kB[22m[1m[22m[2m │ gzip:  15.46 kB[22m
[2m../../../../../private/var/folders/ns/jsf62ktx68l080qswrgq0b2h0000gn/T/chromatic--39658-ynwbc7jodfIE/[22m[2massets/[22m[36mMenu.stories-DL4yJsfR.js                      [39m[1m[2m   45.46 kB[22m[1m[22m[2m │ gzip:  15.00 kB[22m
[2m../../../../../private/var/folders/ns/jsf62ktx68l080qswrgq0b2h0000gn/T/chromatic--39658-ynwbc7jodfIE/[22m[2massets/[22m[36mCodePreview-DslXdo7r.js                       [39m[1m[2m   91.71 kB[22m[1m[22m[2m │ gzip:  28.78 kB[22m
[2m../../../../../private/var/folders/ns/jsf62ktx68l080qswrgq0b2h0000gn/T/chromatic--39658-ynwbc7jodfIE/[22m[2massets/[22m[36mBox-DepV4V-E.js                               [39m[1m[2m  126.64 kB[22m[1m[22m[2m │ gzip:  12.09 kB[22m
[2m../../../../../private/var/folders/ns/jsf62ktx68l080qswrgq0b2h0000gn/T/chromatic--39658-ynwbc7jodfIE/[22m[2massets/[22m[36mreact-18-DRhvavC6.js                          [39m[1m[2m  181.75 kB[22m[1m[22m[2m │ gzip:  57.21 kB[22m
[2m../../../../../private/var/folders/ns/jsf62ktx68l080qswrgq0b2h0000gn/T/chromatic--39658-ynwbc7jodfIE/[22m[2massets/[22m[36miframe-BjFHHpn2.js                            [39m[1m[33m1,270.16 kB[39m[22m[2m │ gzip: 353.32 kB[22m
[32m✓ built in 4.08s[39m
info => Output directory: /private/var/folders/ns/jsf62ktx68l080qswrgq0b2h0000gn/T/chromatic--39658-ynwbc7jodfIE
